19:37:31.681 INFO [main] org.lenskit.cli.Main: Starting LensKit 3.0-M1 on Java 1.8.0_144 from Oracle Corporation
19:37:31.727 DEBUG [main] org.lenskit.LenskitInfo: have 5573 active revisions
19:37:31.734 DEBUG [main] org.lenskit.cli.Main: Built from Git revision c0210fa3281ef8b15b0959bcd5fced43c5fec38a
19:37:31.734 DEBUG [main] org.lenskit.cli.Main: Using VM 'Java HotSpot(TM) 64-Bit Server VM' version 25.144-b01 from Oracle Corporation
19:37:31.734 INFO [main] org.lenskit.cli.Main: Have 4 processors and heap limit of 1820 MiB
19:37:31.755 INFO [main] org.lenskit.cli.util.RecommenderLoader: creating fresh recommender
19:37:32.030 INFO [main] org.lenskit.config.ConfigurationLoader: loading script from file:/Users/shivamsingh/Downloads/cbf-assignment/etc/weighted.groovy
19:37:32.530 DEBUG [main] org.lenskit.data.dao.file.TextEntitySource: loading source ratings with base URI file:/Users/shivamsingh/Downloads/cbf-assignment/data/movielens.yml
19:37:32.530 DEBUG [main] org.lenskit.data.dao.file.TextEntitySource: resolved file URI: file:/Users/shivamsingh/Downloads/cbf-assignment/data/ratings.csv
19:37:32.546 INFO [main] org.lenskit.data.dao.file.TextEntitySource: loading text file source ratings to read from file:/Users/shivamsingh/Downloads/cbf-assignment/data/ratings.csv
19:37:32.555 DEBUG [main] org.lenskit.data.dao.file.TextEntitySource: ratings: using delimiter ,
19:37:32.555 DEBUG [main] org.lenskit.data.dao.file.TextEntitySource: ratings: reading header
19:37:32.555 DEBUG [main] org.lenskit.data.dao.file.TextEntitySource: ratings: reading entities of type EntityType[rating]
19:37:32.599 DEBUG [main] org.lenskit.data.dao.file.TextEntitySource: class org.lenskit.data.ratings.RatingBuilder: using entity builder {}
19:37:32.599 DEBUG [main] org.lenskit.data.dao.file.TextEntitySource: loading source movies with base URI file:/Users/shivamsingh/Downloads/cbf-assignment/data/movielens.yml
19:37:32.599 DEBUG [main] org.lenskit.data.dao.file.TextEntitySource: resolved file URI: file:/Users/shivamsingh/Downloads/cbf-assignment/data/movies.csv
19:37:32.599 INFO [main] org.lenskit.data.dao.file.TextEntitySource: loading text file source movies to read from file:/Users/shivamsingh/Downloads/cbf-assignment/data/movies.csv
19:37:32.599 DEBUG [main] org.lenskit.data.dao.file.TextEntitySource: movies: using delimiter ,
19:37:32.599 DEBUG [main] org.lenskit.data.dao.file.TextEntitySource: movies: reading header
19:37:32.599 DEBUG [main] org.lenskit.data.dao.file.TextEntitySource: movies: reading entities of type EntityType[item]
19:37:32.599 DEBUG [main] org.lenskit.data.dao.file.TextEntitySource: class org.lenskit.data.entities.BasicEntityBuilder: using entity builder {}
19:37:32.599 DEBUG [main] org.lenskit.data.dao.file.TextEntitySource: loading source tags with base URI file:/Users/shivamsingh/Downloads/cbf-assignment/data/movielens.yml
19:37:32.599 DEBUG [main] org.lenskit.data.dao.file.TextEntitySource: resolved file URI: file:/Users/shivamsingh/Downloads/cbf-assignment/data/tags.csv
19:37:32.600 INFO [main] org.lenskit.data.dao.file.TextEntitySource: loading text file source tags to read from file:/Users/shivamsingh/Downloads/cbf-assignment/data/tags.csv
19:37:32.600 DEBUG [main] org.lenskit.data.dao.file.TextEntitySource: tags: using delimiter ,
19:37:32.600 DEBUG [main] org.lenskit.data.dao.file.TextEntitySource: tags: reading header
19:37:32.600 DEBUG [main] org.lenskit.data.dao.file.TextEntitySource: tags: reading entities of type EntityType[item-tag]
19:37:32.603 DEBUG [main] org.lenskit.data.dao.file.TextEntitySource: class org.lenskit.data.entities.BasicEntityBuilder: using entity builder {}
19:37:32.609 DEBUG [main] org.lenskit.LenskitRecommenderEngineBuilder: building graph from 3 configurations
19:37:32.685 DEBUG [main] org.lenskit.inject.RecommenderInstantiator: replacing nodes in graph with 14 nodes
19:37:32.692 DEBUG [main] org.lenskit.inject.RecommenderInstantiator: found 4 shared nodes
19:37:33.750 INFO [main] org.lenskit.data.dao.file.StaticDataSource: deriving entity type EntityType[user] from EntityType[rating] (column TypedName[user: long])
19:37:33.878 INFO [main] org.lenskit.data.dao.file.StaticDataSource: deriving entity type EntityType[item] from EntityType[rating] (column TypedName[item: long])
19:37:33.917 INFO [main] org.lenskit.data.dao.file.StaticDataSource: deriving entity type EntityType[user] from EntityType[item-tag] (column TypedName[user: long])
19:37:33.958 INFO [main] org.lenskit.data.dao.file.StaticDataSource: deriving entity type EntityType[item] from EntityType[item-tag] (column TypedName[item: long])
19:37:33.993 DEBUG [main] org.lenskit.data.entities.EntityCollectionBuilder: built collection of 2500 entities with type EntityType[item] and 2 indexes
19:37:34.041 DEBUG [main] org.lenskit.data.entities.EntityCollectionBuilder: built collection of 264505 entities with type EntityType[rating] and 2 indexes
19:37:34.054 DEBUG [main] org.lenskit.data.entities.EntityCollectionBuilder: built collection of 94875 entities with type EntityType[item-tag] and 2 indexes
19:37:34.055 DEBUG [main] org.lenskit.data.entities.EntityCollectionBuilder: built collection of 862 entities with type EntityType[user] and 2 indexes
19:37:34.061 INFO [main] org.lenskit.mooc.cbf.TFIDFModelProvider: Building TF-IDF model
19:37:34.171 INFO [main] org.lenskit.mooc.cbf.TFIDFModelProvider: Computed TF vectors for 2500 items
19:37:34.199 INFO [main] org.lenskit.mooc.cbf.TFIDFModelProvider: term vector for item is 12
19:37:34.249 DEBUG [main] org.lenskit.inject.RecommenderInstantiator: final graph has 14 nodes
19:37:34.251 INFO [main] org.lenskit.cli.util.RecommenderLoader: built recommender in 1.642 s
19:37:34.260 INFO [main] org.lenskit.cli.commands.Recommend: recommending for 1 users
19:37:34.275 DEBUG [main] org.lenskit.basic.TopNItemRecommender: computing effective candidates for user 320 from 2500 candidates and 62 excluded items
19:37:34.277 DEBUG [main] org.lenskit.basic.TopNItemRecommender: Computing 10 recommendations for user 320 from 2438 candidates
19:37:34.346 INFO [main] org.lenskit.cli.commands.Recommend: recommended for 1 users in 85.78 ms
19:37:34.347 INFO [main] org.lenskit.cli.Main: If you use LensKit in published research, please see http://lenskit.org/research/
