20:51:50.744 INFO [main] org.lenskit.cli.Main: Starting LensKit 3.0-M1 on Java 1.8.0_144 from Oracle Corporation
20:51:50.777 DEBUG [main] org.lenskit.LenskitInfo: have 5573 active revisions
20:51:50.783 DEBUG [main] org.lenskit.cli.Main: Built from Git revision c0210fa3281ef8b15b0959bcd5fced43c5fec38a
20:51:50.784 DEBUG [main] org.lenskit.cli.Main: Using VM 'Java HotSpot(TM) 64-Bit Server VM' version 25.144-b01 from Oracle Corporation
20:51:50.784 INFO [main] org.lenskit.cli.Main: Have 4 processors and heap limit of 1820 MiB
20:51:50.799 INFO [main] org.lenskit.cli.util.RecommenderLoader: creating fresh recommender
20:51:51.068 INFO [main] org.lenskit.config.ConfigurationLoader: loading script from file:/Users/shivamsingh/Downloads/CSCI-5123/assignment-3/etc/user-user.groovy
20:51:51.473 DEBUG [main] org.lenskit.data.dao.file.TextEntitySource: loading source ratings with base URI file:/Users/shivamsingh/Downloads/CSCI-5123/assignment-3/data/movielens.yml
20:51:51.473 DEBUG [main] org.lenskit.data.dao.file.TextEntitySource: resolved file URI: file:/Users/shivamsingh/Downloads/CSCI-5123/assignment-3/data/ratings.csv
20:51:51.481 INFO [main] org.lenskit.data.dao.file.TextEntitySource: loading text file source ratings to read from file:/Users/shivamsingh/Downloads/CSCI-5123/assignment-3/data/ratings.csv
20:51:51.486 DEBUG [main] org.lenskit.data.dao.file.TextEntitySource: ratings: using delimiter ,
20:51:51.486 DEBUG [main] org.lenskit.data.dao.file.TextEntitySource: ratings: reading header
20:51:51.487 DEBUG [main] org.lenskit.data.dao.file.TextEntitySource: ratings: reading entities of type EntityType[rating]
20:51:51.521 DEBUG [main] org.lenskit.data.dao.file.TextEntitySource: class org.lenskit.data.ratings.RatingBuilder: using entity builder {}
20:51:51.521 DEBUG [main] org.lenskit.data.dao.file.TextEntitySource: loading source movies with base URI file:/Users/shivamsingh/Downloads/CSCI-5123/assignment-3/data/movielens.yml
20:51:51.521 DEBUG [main] org.lenskit.data.dao.file.TextEntitySource: resolved file URI: file:/Users/shivamsingh/Downloads/CSCI-5123/assignment-3/data/movies.csv
20:51:51.521 INFO [main] org.lenskit.data.dao.file.TextEntitySource: loading text file source movies to read from file:/Users/shivamsingh/Downloads/CSCI-5123/assignment-3/data/movies.csv
20:51:51.521 DEBUG [main] org.lenskit.data.dao.file.TextEntitySource: movies: using delimiter ,
20:51:51.521 DEBUG [main] org.lenskit.data.dao.file.TextEntitySource: movies: reading header
20:51:51.521 DEBUG [main] org.lenskit.data.dao.file.TextEntitySource: movies: reading entities of type EntityType[item]
20:51:51.521 DEBUG [main] org.lenskit.data.dao.file.TextEntitySource: class org.lenskit.data.entities.BasicEntityBuilder: using entity builder {}
20:51:51.521 DEBUG [main] org.lenskit.data.dao.file.TextEntitySource: loading source tags with base URI file:/Users/shivamsingh/Downloads/CSCI-5123/assignment-3/data/movielens.yml
20:51:51.522 DEBUG [main] org.lenskit.data.dao.file.TextEntitySource: resolved file URI: file:/Users/shivamsingh/Downloads/CSCI-5123/assignment-3/data/tags.csv
20:51:51.522 INFO [main] org.lenskit.data.dao.file.TextEntitySource: loading text file source tags to read from file:/Users/shivamsingh/Downloads/CSCI-5123/assignment-3/data/tags.csv
20:51:51.522 DEBUG [main] org.lenskit.data.dao.file.TextEntitySource: tags: using delimiter ,
20:51:51.522 DEBUG [main] org.lenskit.data.dao.file.TextEntitySource: tags: reading header
20:51:51.522 DEBUG [main] org.lenskit.data.dao.file.TextEntitySource: tags: reading entities of type EntityType[item-tag]
20:51:51.522 DEBUG [main] org.lenskit.data.dao.file.TextEntitySource: class org.lenskit.data.entities.BasicEntityBuilder: using entity builder {}
20:51:51.528 DEBUG [main] org.lenskit.LenskitRecommenderEngineBuilder: building graph from 3 configurations
20:51:51.577 DEBUG [main] org.lenskit.inject.RecommenderInstantiator: replacing nodes in graph with 12 nodes
20:51:51.581 DEBUG [main] org.lenskit.inject.RecommenderInstantiator: found 3 shared nodes
20:51:51.581 DEBUG [main] org.lenskit.inject.RecommenderInstantiator: final graph has 12 nodes
20:51:51.581 INFO [main] org.lenskit.cli.util.RecommenderLoader: built recommender in 53.43 ms
20:51:52.931 INFO [main] org.lenskit.data.dao.file.StaticDataSource: deriving entity type EntityType[user] from EntityType[rating] (column TypedName[user: long])
20:51:53.038 INFO [main] org.lenskit.data.dao.file.StaticDataSource: deriving entity type EntityType[item] from EntityType[rating] (column TypedName[item: long])
20:51:53.113 DEBUG [main] org.lenskit.data.entities.EntityCollectionBuilder: built collection of 2500 entities with type EntityType[item] and 2 indexes
20:51:53.137 DEBUG [main] org.lenskit.data.entities.EntityCollectionBuilder: built collection of 264505 entities with type EntityType[rating] and 2 indexes
20:51:53.149 DEBUG [main] org.lenskit.data.entities.EntityCollectionBuilder: built collection of 94875 entities with type EntityType[item-tag] and 2 indexes
20:51:53.150 DEBUG [main] org.lenskit.data.entities.EntityCollectionBuilder: built collection of 862 entities with type EntityType[user] and 2 indexes
20:51:53.156 INFO [main] org.lenskit.cli.commands.Predict: predicting 4 items
20:51:53.293 INFO [main] org.lenskit.cli.commands.Predict: predicted for 4 items in 136.5 ms
20:51:53.293 INFO [main] org.lenskit.cli.Main: If you use LensKit in published research, please see http://lenskit.org/research/
