20:51:37.654 INFO [main] org.lenskit.cli.Main: Starting LensKit 3.0-M1 on Java 1.8.0_144 from Oracle Corporation
20:51:37.681 DEBUG [main] org.lenskit.LenskitInfo: have 5573 active revisions
20:51:37.686 DEBUG [main] org.lenskit.cli.Main: Built from Git revision c0210fa3281ef8b15b0959bcd5fced43c5fec38a
20:51:37.686 DEBUG [main] org.lenskit.cli.Main: Using VM 'Java HotSpot(TM) 64-Bit Server VM' version 25.144-b01 from Oracle Corporation
20:51:37.686 INFO [main] org.lenskit.cli.Main: Have 4 processors and heap limit of 1820 MiB
20:51:37.706 INFO [main] org.lenskit.cli.util.RecommenderLoader: creating fresh recommender
20:51:37.957 INFO [main] org.lenskit.config.ConfigurationLoader: loading script from file:/Users/shivamsingh/Downloads/CSCI-5123/assignment-3/etc/blended.groovy
20:51:38.483 DEBUG [main] org.lenskit.data.dao.file.TextEntitySource: loading source ratings with base URI file:/Users/shivamsingh/Downloads/CSCI-5123/assignment-3/data/movielens.yml
20:51:38.483 DEBUG [main] org.lenskit.data.dao.file.TextEntitySource: resolved file URI: file:/Users/shivamsingh/Downloads/CSCI-5123/assignment-3/data/ratings.csv
20:51:38.492 INFO [main] org.lenskit.data.dao.file.TextEntitySource: loading text file source ratings to read from file:/Users/shivamsingh/Downloads/CSCI-5123/assignment-3/data/ratings.csv
20:51:38.498 DEBUG [main] org.lenskit.data.dao.file.TextEntitySource: ratings: using delimiter ,
20:51:38.498 DEBUG [main] org.lenskit.data.dao.file.TextEntitySource: ratings: reading header
20:51:38.498 DEBUG [main] org.lenskit.data.dao.file.TextEntitySource: ratings: reading entities of type EntityType[rating]
20:51:38.534 DEBUG [main] org.lenskit.data.dao.file.TextEntitySource: class org.lenskit.data.ratings.RatingBuilder: using entity builder {}
20:51:38.534 DEBUG [main] org.lenskit.data.dao.file.TextEntitySource: loading source movies with base URI file:/Users/shivamsingh/Downloads/CSCI-5123/assignment-3/data/movielens.yml
20:51:38.534 DEBUG [main] org.lenskit.data.dao.file.TextEntitySource: resolved file URI: file:/Users/shivamsingh/Downloads/CSCI-5123/assignment-3/data/movies.csv
20:51:38.534 INFO [main] org.lenskit.data.dao.file.TextEntitySource: loading text file source movies to read from file:/Users/shivamsingh/Downloads/CSCI-5123/assignment-3/data/movies.csv
20:51:38.535 DEBUG [main] org.lenskit.data.dao.file.TextEntitySource: movies: using delimiter ,
20:51:38.535 DEBUG [main] org.lenskit.data.dao.file.TextEntitySource: movies: reading header
20:51:38.535 DEBUG [main] org.lenskit.data.dao.file.TextEntitySource: movies: reading entities of type EntityType[item]
20:51:38.535 DEBUG [main] org.lenskit.data.dao.file.TextEntitySource: class org.lenskit.data.entities.BasicEntityBuilder: using entity builder {}
20:51:38.535 DEBUG [main] org.lenskit.data.dao.file.TextEntitySource: loading source tags with base URI file:/Users/shivamsingh/Downloads/CSCI-5123/assignment-3/data/movielens.yml
20:51:38.535 DEBUG [main] org.lenskit.data.dao.file.TextEntitySource: resolved file URI: file:/Users/shivamsingh/Downloads/CSCI-5123/assignment-3/data/tags.csv
20:51:38.535 INFO [main] org.lenskit.data.dao.file.TextEntitySource: loading text file source tags to read from file:/Users/shivamsingh/Downloads/CSCI-5123/assignment-3/data/tags.csv
20:51:38.535 DEBUG [main] org.lenskit.data.dao.file.TextEntitySource: tags: using delimiter ,
20:51:38.535 DEBUG [main] org.lenskit.data.dao.file.TextEntitySource: tags: reading header
20:51:38.535 DEBUG [main] org.lenskit.data.dao.file.TextEntitySource: tags: reading entities of type EntityType[item-tag]
20:51:38.536 DEBUG [main] org.lenskit.data.dao.file.TextEntitySource: class org.lenskit.data.entities.BasicEntityBuilder: using entity builder {}
20:51:38.540 DEBUG [main] org.lenskit.LenskitRecommenderEngineBuilder: building graph from 3 configurations
20:51:38.615 DEBUG [main] org.lenskit.inject.RecommenderInstantiator: replacing nodes in graph with 17 nodes
20:51:38.617 DEBUG [main] org.lenskit.inject.RecommenderInstantiator: found 6 shared nodes
20:51:39.907 INFO [main] org.lenskit.data.dao.file.StaticDataSource: deriving entity type EntityType[user] from EntityType[rating] (column TypedName[user: long])
20:51:39.991 INFO [main] org.lenskit.data.dao.file.StaticDataSource: deriving entity type EntityType[item] from EntityType[rating] (column TypedName[item: long])
20:51:40.019 DEBUG [main] org.lenskit.data.entities.EntityCollectionBuilder: built collection of 2500 entities with type EntityType[item] and 2 indexes
20:51:40.039 DEBUG [main] org.lenskit.data.entities.EntityCollectionBuilder: built collection of 264505 entities with type EntityType[rating] and 2 indexes
20:51:40.049 DEBUG [main] org.lenskit.data.entities.EntityCollectionBuilder: built collection of 94875 entities with type EntityType[item-tag] and 2 indexes
20:51:40.050 DEBUG [main] org.lenskit.data.entities.EntityCollectionBuilder: built collection of 862 entities with type EntityType[user] and 2 indexes
20:51:40.105 INFO [main] org.lenskit.data.ratings.RatingSummaryProvider: summarized 2500 items with 264505 ratings
20:51:40.132 DEBUG [main] org.lenskit.inject.RecommenderInstantiator: final graph has 17 nodes
20:51:40.133 INFO [main] org.lenskit.cli.util.RecommenderLoader: built recommender in 1.593 s
20:51:40.141 INFO [main] org.lenskit.cli.commands.Recommend: recommending for 1 users
20:51:40.144 DEBUG [main] org.lenskit.basic.TopNItemRecommender: computing effective candidates for user 320 from 2500 candidates and 62 excluded items
20:51:40.145 DEBUG [main] org.lenskit.basic.TopNItemRecommender: Computing -1 recommendations for user 320 from 2438 candidates
20:51:40.425 DEBUG [main] org.lenskit.basic.TopNItemRecommender: computing effective candidates for user 320 from 2500 candidates and 62 excluded items
20:51:40.425 DEBUG [main] org.lenskit.basic.TopNItemRecommender: Computing -1 recommendations for user 320 from 2438 candidates
20:51:40.428 DEBUG [main] org.lenskit.hybrid.RankBlendingItemRecommender: recommending for user 10 with 2438 left and 2438 right recommendations
20:51:40.442 INFO [main] org.lenskit.cli.commands.Recommend: recommended for 1 users in 301.3 ms
20:51:40.442 INFO [main] org.lenskit.cli.Main: If you use LensKit in published research, please see http://lenskit.org/research/
