12:51:06.434 INFO [main] org.lenskit.cli.Main: Starting LensKit 3.0-M1 on Java 1.8.0_144 from Oracle Corporation
12:51:06.518 DEBUG [main] org.lenskit.LenskitInfo: have 5573 active revisions
12:51:06.526 DEBUG [main] org.lenskit.cli.Main: Built from Git revision c0210fa3281ef8b15b0959bcd5fced43c5fec38a
12:51:06.526 DEBUG [main] org.lenskit.cli.Main: Using VM 'Java HotSpot(TM) 64-Bit Server VM' version 25.144-b01 from Oracle Corporation
12:51:06.526 INFO [main] org.lenskit.cli.Main: Have 4 processors and heap limit of 1820 MiB
12:51:06.544 INFO [main] org.lenskit.cli.util.RecommenderLoader: creating fresh recommender
12:51:06.914 INFO [main] org.lenskit.config.ConfigurationLoader: loading script from file:/Users/shivamsingh/Downloads/CSCI-5123/assignment-4/etc/item-item.groovy
12:51:07.476 DEBUG [main] org.lenskit.data.dao.file.TextEntitySource: loading source ratings with base URI file:/Users/shivamsingh/Downloads/CSCI-5123/assignment-4/data/movielens.yml
12:51:07.476 DEBUG [main] org.lenskit.data.dao.file.TextEntitySource: resolved file URI: file:/Users/shivamsingh/Downloads/CSCI-5123/assignment-4/data/ratings.csv
12:51:07.488 INFO [main] org.lenskit.data.dao.file.TextEntitySource: loading text file source ratings to read from file:/Users/shivamsingh/Downloads/CSCI-5123/assignment-4/data/ratings.csv
12:51:07.496 DEBUG [main] org.lenskit.data.dao.file.TextEntitySource: ratings: using delimiter ,
12:51:07.496 DEBUG [main] org.lenskit.data.dao.file.TextEntitySource: ratings: reading header
12:51:07.496 DEBUG [main] org.lenskit.data.dao.file.TextEntitySource: ratings: reading entities of type EntityType[rating]
12:51:07.560 DEBUG [main] org.lenskit.data.dao.file.TextEntitySource: class org.lenskit.data.ratings.RatingBuilder: using entity builder {}
12:51:07.560 DEBUG [main] org.lenskit.data.dao.file.TextEntitySource: loading source movies with base URI file:/Users/shivamsingh/Downloads/CSCI-5123/assignment-4/data/movielens.yml
12:51:07.560 DEBUG [main] org.lenskit.data.dao.file.TextEntitySource: resolved file URI: file:/Users/shivamsingh/Downloads/CSCI-5123/assignment-4/data/movies.csv
12:51:07.560 INFO [main] org.lenskit.data.dao.file.TextEntitySource: loading text file source movies to read from file:/Users/shivamsingh/Downloads/CSCI-5123/assignment-4/data/movies.csv
12:51:07.560 DEBUG [main] org.lenskit.data.dao.file.TextEntitySource: movies: using delimiter ,
12:51:07.560 DEBUG [main] org.lenskit.data.dao.file.TextEntitySource: movies: reading header
12:51:07.560 DEBUG [main] org.lenskit.data.dao.file.TextEntitySource: movies: reading entities of type EntityType[item]
12:51:07.561 DEBUG [main] org.lenskit.data.dao.file.TextEntitySource: class org.lenskit.data.entities.BasicEntityBuilder: using entity builder {}
12:51:07.561 DEBUG [main] org.lenskit.data.dao.file.TextEntitySource: loading source tags with base URI file:/Users/shivamsingh/Downloads/CSCI-5123/assignment-4/data/movielens.yml
12:51:07.561 DEBUG [main] org.lenskit.data.dao.file.TextEntitySource: resolved file URI: file:/Users/shivamsingh/Downloads/CSCI-5123/assignment-4/data/tags.csv
12:51:07.561 INFO [main] org.lenskit.data.dao.file.TextEntitySource: loading text file source tags to read from file:/Users/shivamsingh/Downloads/CSCI-5123/assignment-4/data/tags.csv
12:51:07.561 DEBUG [main] org.lenskit.data.dao.file.TextEntitySource: tags: using delimiter ,
12:51:07.561 DEBUG [main] org.lenskit.data.dao.file.TextEntitySource: tags: reading header
12:51:07.561 DEBUG [main] org.lenskit.data.dao.file.TextEntitySource: tags: reading entities of type EntityType[item-tag]
12:51:07.561 DEBUG [main] org.lenskit.data.dao.file.TextEntitySource: class org.lenskit.data.entities.BasicEntityBuilder: using entity builder {}
12:51:07.570 DEBUG [main] org.lenskit.LenskitRecommenderEngineBuilder: building graph from 3 configurations
12:51:07.683 DEBUG [main] org.lenskit.inject.RecommenderInstantiator: replacing nodes in graph with 13 nodes
12:51:07.693 DEBUG [main] org.lenskit.inject.RecommenderInstantiator: found 2 shared nodes
12:51:08.876 INFO [main] org.lenskit.data.dao.file.StaticDataSource: deriving entity type EntityType[user] from EntityType[rating] (column TypedName[user: long])
12:51:09.375 INFO [main] org.lenskit.data.dao.file.StaticDataSource: deriving entity type EntityType[item] from EntityType[rating] (column TypedName[item: long])
12:51:09.408 DEBUG [main] org.lenskit.data.entities.EntityCollectionBuilder: built collection of 2500 entities with type EntityType[item] and 2 indexes
12:51:09.436 DEBUG [main] org.lenskit.data.entities.EntityCollectionBuilder: built collection of 264505 entities with type EntityType[rating] and 2 indexes
12:51:09.446 DEBUG [main] org.lenskit.data.entities.EntityCollectionBuilder: built collection of 94875 entities with type EntityType[item-tag] and 2 indexes
12:51:09.447 DEBUG [main] org.lenskit.data.entities.EntityCollectionBuilder: built collection of 862 entities with type EntityType[user] and 2 indexes
12:51:36.291 DEBUG [main] org.lenskit.inject.RecommenderInstantiator: final graph has 13 nodes
12:51:36.293 INFO [main] org.lenskit.cli.util.RecommenderLoader: built recommender in 28.72 s
12:51:36.299 INFO [main] org.lenskit.cli.commands.GlobalRecommend: using 4 reference items: [153, 260, 527, 588]
12:51:36.335 INFO [main] org.lenskit.cli.commands.GlobalRecommend: recommended in 36.14 ms
12:51:36.336 INFO [main] org.lenskit.cli.Main: If you use LensKit in published research, please see http://lenskit.org/research/
