12:50:00.251 INFO [main] org.lenskit.cli.Main: Starting LensKit 3.0-M1 on Java 1.8.0_144 from Oracle Corporation
12:50:00.308 DEBUG [main] org.lenskit.LenskitInfo: have 5573 active revisions
12:50:00.313 DEBUG [main] org.lenskit.cli.Main: Built from Git revision c0210fa3281ef8b15b0959bcd5fced43c5fec38a
12:50:00.313 DEBUG [main] org.lenskit.cli.Main: Using VM 'Java HotSpot(TM) 64-Bit Server VM' version 25.144-b01 from Oracle Corporation
12:50:00.313 INFO [main] org.lenskit.cli.Main: Have 4 processors and heap limit of 1820 MiB
12:50:00.326 INFO [main] org.lenskit.cli.util.RecommenderLoader: creating fresh recommender
12:50:00.856 INFO [main] org.lenskit.config.ConfigurationLoader: loading script from file:/Users/shivamsingh/Downloads/CSCI-5123/assignment-4/etc/item-item.groovy
12:50:01.535 DEBUG [main] org.lenskit.data.dao.file.TextEntitySource: loading source ratings with base URI file:/Users/shivamsingh/Downloads/CSCI-5123/assignment-4/data/movielens.yml
12:50:01.535 DEBUG [main] org.lenskit.data.dao.file.TextEntitySource: resolved file URI: file:/Users/shivamsingh/Downloads/CSCI-5123/assignment-4/data/ratings.csv
12:50:01.546 INFO [main] org.lenskit.data.dao.file.TextEntitySource: loading text file source ratings to read from file:/Users/shivamsingh/Downloads/CSCI-5123/assignment-4/data/ratings.csv
12:50:01.553 DEBUG [main] org.lenskit.data.dao.file.TextEntitySource: ratings: using delimiter ,
12:50:01.553 DEBUG [main] org.lenskit.data.dao.file.TextEntitySource: ratings: reading header
12:50:01.554 DEBUG [main] org.lenskit.data.dao.file.TextEntitySource: ratings: reading entities of type EntityType[rating]
12:50:01.622 DEBUG [main] org.lenskit.data.dao.file.TextEntitySource: class org.lenskit.data.ratings.RatingBuilder: using entity builder {}
12:50:01.622 DEBUG [main] org.lenskit.data.dao.file.TextEntitySource: loading source movies with base URI file:/Users/shivamsingh/Downloads/CSCI-5123/assignment-4/data/movielens.yml
12:50:01.622 DEBUG [main] org.lenskit.data.dao.file.TextEntitySource: resolved file URI: file:/Users/shivamsingh/Downloads/CSCI-5123/assignment-4/data/movies.csv
12:50:01.622 INFO [main] org.lenskit.data.dao.file.TextEntitySource: loading text file source movies to read from file:/Users/shivamsingh/Downloads/CSCI-5123/assignment-4/data/movies.csv
12:50:01.622 DEBUG [main] org.lenskit.data.dao.file.TextEntitySource: movies: using delimiter ,
12:50:01.622 DEBUG [main] org.lenskit.data.dao.file.TextEntitySource: movies: reading header
12:50:01.622 DEBUG [main] org.lenskit.data.dao.file.TextEntitySource: movies: reading entities of type EntityType[item]
12:50:01.623 DEBUG [main] org.lenskit.data.dao.file.TextEntitySource: class org.lenskit.data.entities.BasicEntityBuilder: using entity builder {}
12:50:01.623 DEBUG [main] org.lenskit.data.dao.file.TextEntitySource: loading source tags with base URI file:/Users/shivamsingh/Downloads/CSCI-5123/assignment-4/data/movielens.yml
12:50:01.623 DEBUG [main] org.lenskit.data.dao.file.TextEntitySource: resolved file URI: file:/Users/shivamsingh/Downloads/CSCI-5123/assignment-4/data/tags.csv
12:50:01.623 INFO [main] org.lenskit.data.dao.file.TextEntitySource: loading text file source tags to read from file:/Users/shivamsingh/Downloads/CSCI-5123/assignment-4/data/tags.csv
12:50:01.623 DEBUG [main] org.lenskit.data.dao.file.TextEntitySource: tags: using delimiter ,
12:50:01.623 DEBUG [main] org.lenskit.data.dao.file.TextEntitySource: tags: reading header
12:50:01.624 DEBUG [main] org.lenskit.data.dao.file.TextEntitySource: tags: reading entities of type EntityType[item-tag]
12:50:01.624 DEBUG [main] org.lenskit.data.dao.file.TextEntitySource: class org.lenskit.data.entities.BasicEntityBuilder: using entity builder {}
12:50:01.633 DEBUG [main] org.lenskit.LenskitRecommenderEngineBuilder: building graph from 3 configurations
12:50:01.747 DEBUG [main] org.lenskit.inject.RecommenderInstantiator: replacing nodes in graph with 13 nodes
12:50:01.751 DEBUG [main] org.lenskit.inject.RecommenderInstantiator: found 2 shared nodes
12:50:03.524 INFO [main] org.lenskit.data.dao.file.StaticDataSource: deriving entity type EntityType[user] from EntityType[rating] (column TypedName[user: long])
12:50:03.661 INFO [main] org.lenskit.data.dao.file.StaticDataSource: deriving entity type EntityType[item] from EntityType[rating] (column TypedName[item: long])
12:50:03.730 DEBUG [main] org.lenskit.data.entities.EntityCollectionBuilder: built collection of 2500 entities with type EntityType[item] and 2 indexes
12:50:03.756 DEBUG [main] org.lenskit.data.entities.EntityCollectionBuilder: built collection of 264505 entities with type EntityType[rating] and 2 indexes
12:50:03.770 DEBUG [main] org.lenskit.data.entities.EntityCollectionBuilder: built collection of 94875 entities with type EntityType[item-tag] and 2 indexes
12:50:03.771 DEBUG [main] org.lenskit.data.entities.EntityCollectionBuilder: built collection of 862 entities with type EntityType[user] and 2 indexes
12:50:31.378 DEBUG [main] org.lenskit.inject.RecommenderInstantiator: final graph has 13 nodes
12:50:31.380 INFO [main] org.lenskit.cli.util.RecommenderLoader: built recommender in 29.75 s
12:50:31.385 INFO [main] org.lenskit.cli.commands.Predict: predicting 4 items
12:50:31.400 INFO [main] org.lenskit.cli.commands.Predict: predicted for 4 items in 15.02 ms
12:50:31.400 INFO [main] org.lenskit.cli.Main: If you use LensKit in published research, please see http://lenskit.org/research/
