12:48:52.264 INFO [main] org.lenskit.cli.Main: Starting LensKit 3.0-M1 on Java 1.8.0_144 from Oracle Corporation
12:48:52.288 DEBUG [main] org.lenskit.LenskitInfo: have 5573 active revisions
12:48:52.293 DEBUG [main] org.lenskit.cli.Main: Built from Git revision c0210fa3281ef8b15b0959bcd5fced43c5fec38a
12:48:52.293 DEBUG [main] org.lenskit.cli.Main: Using VM 'Java HotSpot(TM) 64-Bit Server VM' version 25.144-b01 from Oracle Corporation
12:48:52.293 INFO [main] org.lenskit.cli.Main: Have 4 processors and heap limit of 1820 MiB
12:48:52.307 INFO [main] org.lenskit.cli.util.RecommenderLoader: creating fresh recommender
12:48:52.610 INFO [main] org.lenskit.config.ConfigurationLoader: loading script from file:/Users/shivamsingh/Downloads/CSCI-5123/assignment-4/etc/item-item.groovy
12:48:53.598 DEBUG [main] org.lenskit.data.dao.file.TextEntitySource: loading source ratings with base URI file:/Users/shivamsingh/Downloads/CSCI-5123/assignment-4/data/movielens.yml
12:48:53.599 DEBUG [main] org.lenskit.data.dao.file.TextEntitySource: resolved file URI: file:/Users/shivamsingh/Downloads/CSCI-5123/assignment-4/data/ratings.csv
12:48:53.609 INFO [main] org.lenskit.data.dao.file.TextEntitySource: loading text file source ratings to read from file:/Users/shivamsingh/Downloads/CSCI-5123/assignment-4/data/ratings.csv
12:48:53.613 DEBUG [main] org.lenskit.data.dao.file.TextEntitySource: ratings: using delimiter ,
12:48:53.613 DEBUG [main] org.lenskit.data.dao.file.TextEntitySource: ratings: reading header
12:48:53.613 DEBUG [main] org.lenskit.data.dao.file.TextEntitySource: ratings: reading entities of type EntityType[rating]
12:48:53.654 DEBUG [main] org.lenskit.data.dao.file.TextEntitySource: class org.lenskit.data.ratings.RatingBuilder: using entity builder {}
12:48:53.654 DEBUG [main] org.lenskit.data.dao.file.TextEntitySource: loading source movies with base URI file:/Users/shivamsingh/Downloads/CSCI-5123/assignment-4/data/movielens.yml
12:48:53.654 DEBUG [main] org.lenskit.data.dao.file.TextEntitySource: resolved file URI: file:/Users/shivamsingh/Downloads/CSCI-5123/assignment-4/data/movies.csv
12:48:53.654 INFO [main] org.lenskit.data.dao.file.TextEntitySource: loading text file source movies to read from file:/Users/shivamsingh/Downloads/CSCI-5123/assignment-4/data/movies.csv
12:48:53.654 DEBUG [main] org.lenskit.data.dao.file.TextEntitySource: movies: using delimiter ,
12:48:53.654 DEBUG [main] org.lenskit.data.dao.file.TextEntitySource: movies: reading header
12:48:53.654 DEBUG [main] org.lenskit.data.dao.file.TextEntitySource: movies: reading entities of type EntityType[item]
12:48:53.655 DEBUG [main] org.lenskit.data.dao.file.TextEntitySource: class org.lenskit.data.entities.BasicEntityBuilder: using entity builder {}
12:48:53.655 DEBUG [main] org.lenskit.data.dao.file.TextEntitySource: loading source tags with base URI file:/Users/shivamsingh/Downloads/CSCI-5123/assignment-4/data/movielens.yml
12:48:53.655 DEBUG [main] org.lenskit.data.dao.file.TextEntitySource: resolved file URI: file:/Users/shivamsingh/Downloads/CSCI-5123/assignment-4/data/tags.csv
12:48:53.655 INFO [main] org.lenskit.data.dao.file.TextEntitySource: loading text file source tags to read from file:/Users/shivamsingh/Downloads/CSCI-5123/assignment-4/data/tags.csv
12:48:53.655 DEBUG [main] org.lenskit.data.dao.file.TextEntitySource: tags: using delimiter ,
12:48:53.655 DEBUG [main] org.lenskit.data.dao.file.TextEntitySource: tags: reading header
12:48:53.655 DEBUG [main] org.lenskit.data.dao.file.TextEntitySource: tags: reading entities of type EntityType[item-tag]
12:48:53.655 DEBUG [main] org.lenskit.data.dao.file.TextEntitySource: class org.lenskit.data.entities.BasicEntityBuilder: using entity builder {}
12:48:53.661 DEBUG [main] org.lenskit.LenskitRecommenderEngineBuilder: building graph from 3 configurations
12:48:53.730 DEBUG [main] org.lenskit.inject.RecommenderInstantiator: replacing nodes in graph with 13 nodes
12:48:53.735 DEBUG [main] org.lenskit.inject.RecommenderInstantiator: found 2 shared nodes
12:48:55.246 INFO [main] org.lenskit.data.dao.file.StaticDataSource: deriving entity type EntityType[user] from EntityType[rating] (column TypedName[user: long])
12:48:55.333 INFO [main] org.lenskit.data.dao.file.StaticDataSource: deriving entity type EntityType[item] from EntityType[rating] (column TypedName[item: long])
12:48:55.382 DEBUG [main] org.lenskit.data.entities.EntityCollectionBuilder: built collection of 2500 entities with type EntityType[item] and 2 indexes
12:48:55.411 DEBUG [main] org.lenskit.data.entities.EntityCollectionBuilder: built collection of 264505 entities with type EntityType[rating] and 2 indexes
12:48:55.424 DEBUG [main] org.lenskit.data.entities.EntityCollectionBuilder: built collection of 94875 entities with type EntityType[item-tag] and 2 indexes
12:48:55.424 DEBUG [main] org.lenskit.data.entities.EntityCollectionBuilder: built collection of 862 entities with type EntityType[user] and 2 indexes
12:49:25.772 DEBUG [main] org.lenskit.inject.RecommenderInstantiator: final graph has 13 nodes
12:49:25.774 INFO [main] org.lenskit.cli.util.RecommenderLoader: built recommender in 32.11 s
12:49:25.784 INFO [main] org.lenskit.cli.commands.Recommend: recommending for 1 users
12:49:25.800 DEBUG [main] org.lenskit.basic.TopNItemRecommender: computing effective candidates for user 320 from 2500 candidates and 62 excluded items
12:49:25.803 DEBUG [main] org.lenskit.basic.TopNItemRecommender: Computing 10 recommendations for user 320 from 2438 candidates
12:49:26.849 INFO [main] org.lenskit.cli.commands.Recommend: recommended for 1 users in 1.065 s
12:49:26.849 INFO [main] org.lenskit.cli.Main: If you use LensKit in published research, please see http://lenskit.org/research/
